build/app/intermediates/manifest_merge_blame_file/release/processReleaseMainManifest/manifest-merger-blame-release-report.txt
1<?xml version="1.0" encoding="utf-8"?>
2<manifest xmlns:android="http://schemas.android.com/apk/res/android"
3    package="com.example.finapp"
4    android:versionCode="1"
5    android:versionName="1.0.0" >
6
7    <uses-sdk
8        android:minSdkVersion="21"
9        android:targetSdkVersion="35" />
10
11    <uses-permission android:name="android.permission.READ_EXTERNAL_STORAGE" />
11-->src/main/AndroidManifest.xml:2:5-79
11-->src/main/AndroidManifest.xml:2:22-77
12    <!--
13         Required to query activities that can process text, see:
14         https://developer.android.com/training/package-visibility and
15         https://developer.android.com/reference/android/content/Intent#ACTION_PROCESS_TEXT.
16
17         In particular, this is used by the Flutter engine in io.flutter.plugin.text.ProcessTextPlugin.
18    -->
19    <queries>
19-->src/main/AndroidManifest.xml:40:5-45:15
20        <intent>
20-->src/main/AndroidManifest.xml:41:9-44:18
21            <action android:name="android.intent.action.PROCESS_TEXT" />
21-->src/main/AndroidManifest.xml:42:13-72
21-->src/main/AndroidManifest.xml:42:21-70
22
23            <data android:mimeType="text/plain" />
23-->src/main/AndroidManifest.xml:43:13-50
23-->src/main/AndroidManifest.xml:43:19-48
24        </intent>
25    </queries>
26
27    <permission
27-->[androidx.core:core:1.13.1] AndroidManifest.xml:22:5-24:47
28        android:name="com.example.finapp.DYNAMIC_RECEIVER_NOT_EXPORTED_PERMISSION"
28-->[androidx.core:core:1.13.1] AndroidManifest.xml:23:9-81
29        android:protectionLevel="signature" />
29-->[androidx.core:core:1.13.1] AndroidManifest.xml:24:9-44
30
31    <uses-permission android:name="com.example.finapp.DYNAMIC_RECEIVER_NOT_EXPORTED_PERMISSION" />
31-->[androidx.core:core:1.13.1] AndroidManifest.xml:26:5-97
31-->[androidx.core:core:1.13.1] AndroidManifest.xml:26:22-94
32
33    <application
34        android:name="android.app.Application"
34-->src/main/AndroidManifest.xml:5:9-42
35        android:appComponentFactory="androidx.core.app.CoreComponentFactory"
35-->[androidx.core:core:1.13.1] AndroidManifest.xml:28:18-86
36        android:extractNativeLibs="true"
37        android:icon="@mipmap/ic_launcher"
37-->src/main/AndroidManifest.xml:6:9-43
38        android:label="finapp" >
38-->src/main/AndroidManifest.xml:4:9-31
39        <activity
39-->src/main/AndroidManifest.xml:7:9-28:20
40            android:name="com.example.finapp.MainActivity"
40-->src/main/AndroidManifest.xml:8:13-41
41            android:configChanges="orientation|keyboardHidden|keyboard|screenSize|smallestScreenSize|locale|layoutDirection|fontScale|screenLayout|density|uiMode"
41-->src/main/AndroidManifest.xml:13:13-163
42            android:exported="true"
42-->src/main/AndroidManifest.xml:9:13-36
43            android:hardwareAccelerated="true"
43-->src/main/AndroidManifest.xml:14:13-47
44            android:launchMode="singleTop"
44-->src/main/AndroidManifest.xml:10:13-43
45            android:taskAffinity=""
45-->src/main/AndroidManifest.xml:11:13-36
46            android:theme="@style/LaunchTheme"
46-->src/main/AndroidManifest.xml:12:13-47
47            android:windowSoftInputMode="adjustResize" >
47-->src/main/AndroidManifest.xml:15:13-55
48
49            <!--
50                 Specifies an Android theme to apply to this Activity as soon as
51                 the Android process has started. This theme is visible to the user
52                 while the Flutter UI initializes. After that, this theme continues
53                 to determine the Window background behind the Flutter UI.
54            -->
55            <meta-data
55-->src/main/AndroidManifest.xml:20:13-23:17
56                android:name="io.flutter.embedding.android.NormalTheme"
56-->src/main/AndroidManifest.xml:21:15-70
57                android:resource="@style/NormalTheme" />
57-->src/main/AndroidManifest.xml:22:15-52
58
59            <intent-filter>
59-->src/main/AndroidManifest.xml:24:13-27:29
60                <action android:name="android.intent.action.MAIN" />
60-->src/main/AndroidManifest.xml:25:17-68
60-->src/main/AndroidManifest.xml:25:25-66
61
62                <category android:name="android.intent.category.LAUNCHER" />
62-->src/main/AndroidManifest.xml:26:17-76
62-->src/main/AndroidManifest.xml:26:27-74
63            </intent-filter>
64        </activity>
65        <!--
66             Don't delete the meta-data below.
67             This is used by the Flutter tool to generate GeneratedPluginRegistrant.java
68        -->
69        <meta-data
69-->src/main/AndroidManifest.xml:31:9-33:33
70            android:name="flutterEmbedding"
70-->src/main/AndroidManifest.xml:32:13-44
71            android:value="2" />
71-->src/main/AndroidManifest.xml:33:13-30
72
73        <provider
73-->[:image_picker_android] AndroidManifest.xml:9:9-17:20
74            android:name="io.flutter.plugins.imagepicker.ImagePickerFileProvider"
74-->[:image_picker_android] AndroidManifest.xml:10:13-82
75            android:authorities="com.example.finapp.flutter.image_provider"
75-->[:image_picker_android] AndroidManifest.xml:11:13-74
76            android:exported="false"
76-->[:image_picker_android] AndroidManifest.xml:12:13-37
77            android:grantUriPermissions="true" >
77-->[:image_picker_android] AndroidManifest.xml:13:13-47
78            <meta-data
78-->[:image_picker_android] AndroidManifest.xml:14:13-16:75
79                android:name="android.support.FILE_PROVIDER_PATHS"
79-->[:image_picker_android] AndroidManifest.xml:15:17-67
80                android:resource="@xml/flutter_image_picker_file_paths" />
80-->[:image_picker_android] AndroidManifest.xml:16:17-72
81        </provider> <!-- Trigger Google Play services to install the backported photo picker module. -->
82        <service
82-->[:image_picker_android] AndroidManifest.xml:19:9-31:19
83            android:name="com.google.android.gms.metadata.ModuleDependencies"
83-->[:image_picker_android] AndroidManifest.xml:20:13-78
84            android:enabled="false"
84-->[:image_picker_android] AndroidManifest.xml:21:13-36
85            android:exported="false" >
85-->[:image_picker_android] AndroidManifest.xml:22:13-37
86            <intent-filter>
86-->[:image_picker_android] AndroidManifest.xml:24:13-26:29
87                <action android:name="com.google.android.gms.metadata.MODULE_DEPENDENCIES" />
87-->[:image_picker_android] AndroidManifest.xml:25:17-94
87-->[:image_picker_android] AndroidManifest.xml:25:25-91
88            </intent-filter>
89
90            <meta-data
90-->[:image_picker_android] AndroidManifest.xml:28:13-30:36
91                android:name="photopicker_activity:0:required"
91-->[:image_picker_android] AndroidManifest.xml:29:17-63
92                android:value="" />
92-->[:image_picker_android] AndroidManifest.xml:30:17-33
93        </service>
94
95        <uses-library
95-->[androidx.window:window:1.2.0] AndroidManifest.xml:23:9-25:40
96            android:name="androidx.window.extensions"
96-->[androidx.window:window:1.2.0] AndroidManifest.xml:24:13-54
97            android:required="false" />
97-->[androidx.window:window:1.2.0] AndroidManifest.xml:25:13-37
98        <uses-library
98-->[androidx.window:window:1.2.0] AndroidManifest.xml:26:9-28:40
99            android:name="androidx.window.sidecar"
99-->[androidx.window:window:1.2.0] AndroidManifest.xml:27:13-51
100            android:required="false" />
100-->[androidx.window:window:1.2.0] AndroidManifest.xml:28:13-37
101
102        <provider
102-->[androidx.lifecycle:lifecycle-process:2.7.0] AndroidManifest.xml:24:9-32:20
103            android:name="androidx.startup.InitializationProvider"
103-->[androidx.lifecycle:lifecycle-process:2.7.0] AndroidManifest.xml:25:13-67
104            android:authorities="com.example.finapp.androidx-startup"
104-->[androidx.lifecycle:lifecycle-process:2.7.0] AndroidManifest.xml:26:13-68
105            android:exported="false" >
105-->[androidx.lifecycle:lifecycle-process:2.7.0] AndroidManifest.xml:27:13-37
106            <meta-data
106-->[androidx.lifecycle:lifecycle-process:2.7.0] AndroidManifest.xml:29:13-31:52
107                android:name="androidx.lifecycle.ProcessLifecycleInitializer"
107-->[androidx.lifecycle:lifecycle-process:2.7.0] AndroidManifest.xml:30:17-78
108                android:value="androidx.startup" />
108-->[androidx.lifecycle:lifecycle-process:2.7.0] AndroidManifest.xml:31:17-49
109            <meta-data
109-->[androidx.profileinstaller:profileinstaller:1.3.1] AndroidManifest.xml:29:13-31:52
110                android:name="androidx.profileinstaller.ProfileInstallerInitializer"
110-->[androidx.profileinstaller:profileinstaller:1.3.1] AndroidManifest.xml:30:17-85
111                android:value="androidx.startup" />
111-->[androidx.profileinstaller:profileinstaller:1.3.1] AndroidManifest.xml:31:17-49
112        </provider>
113
114        <receiver
114-->[androidx.profileinstaller:profileinstaller:1.3.1] AndroidManifest.xml:34:9-52:20
115            android:name="androidx.profileinstaller.ProfileInstallReceiver"
115-->[androidx.profileinstaller:profileinstaller:1.3.1] AndroidManifest.xml:35:13-76
116            android:directBootAware="false"
116-->[androidx.profileinstaller:profileinstaller:1.3.1] AndroidManifest.xml:36:13-44
117            android:enabled="true"
117-->[androidx.profileinstaller:profileinstaller:1.3.1] AndroidManifest.xml:37:13-35
118            android:exported="true"
118-->[androidx.profileinstaller:profileinstaller:1.3.1] AndroidManifest.xml:38:13-36
119            android:permission="android.permission.DUMP" >
119-->[androidx.profileinstaller:profileinstaller:1.3.1] AndroidManifest.xml:39:13-57
120            <intent-filter>
120-->[androidx.profileinstaller:profileinstaller:1.3.1] AndroidManifest.xml:40:13-42:29
121                <action android:name="androidx.profileinstaller.action.INSTALL_PROFILE" />
121-->[androidx.profileinstaller:profileinstaller:1.3.1] AndroidManifest.xml:41:17-91
121-->[androidx.profileinstaller:profileinstaller:1.3.1] AndroidManifest.xml:41:25-88
122            </intent-filter>
123            <intent-filter>
123-->[androidx.profileinstaller:profileinstaller:1.3.1] AndroidManifest.xml:43:13-45:29
124                <action android:name="androidx.profileinstaller.action.SKIP_FILE" />
124-->[androidx.profileinstaller:profileinstaller:1.3.1] AndroidManifest.xml:44:17-85
124-->[androidx.profileinstaller:profileinstaller:1.3.1] AndroidManifest.xml:44:25-82
125            </intent-filter>
126            <intent-filter>
126-->[androidx.profileinstaller:profileinstaller:1.3.1] AndroidManifest.xml:46:13-48:29
127                <action android:name="androidx.profileinstaller.action.SAVE_PROFILE" />
127-->[androidx.profileinstaller:profileinstaller:1.3.1] AndroidManifest.xml:47:17-88
127-->[androidx.profileinstaller:profileinstaller:1.3.1] AndroidManifest.xml:47:25-85
128            </intent-filter>
129            <intent-filter>
129-->[androidx.profileinstaller:profileinstaller:1.3.1] AndroidManifest.xml:49:13-51:29
130                <action android:name="androidx.profileinstaller.action.BENCHMARK_OPERATION" />
130-->[androidx.profileinstaller:profileinstaller:1.3.1] AndroidManifest.xml:50:17-95
130-->[androidx.profileinstaller:profileinstaller:1.3.1] AndroidManifest.xml:50:25-92
131            </intent-filter>
132        </receiver>
133    </application>
134
135</manifest>